<?xml version="1.0" encoding="UTF-8"?>
<testng-results skipped="0" failed="0" ignored="0" total="7" passed="7">
  <reporter-output>
  </reporter-output>
  <suite name="Default suite" duration-ms="96" started-at="2018-12-27T13:43:48Z" finished-at="2018-12-27T13:43:48Z">
    <groups>
    </groups>
    <test name="Default test" duration-ms="96" started-at="2018-12-27T13:43:48Z" finished-at="2018-12-27T13:43:48Z">
      <class name="testNgTestCases.ParametersTest5">
        <test-method status="PASS" signature="loginPage()[pri:0, instance:testNgTestCases.ParametersTest5@1d8d30f7]" name="loginPage" duration-ms="16" started-at="2018-12-27T13:43:48Z" finished-at="2018-12-27T13:43:48Z">
          <reporter-output>
          </reporter-output>
        </test-method> <!-- loginPage -->
        <test-method status="PASS" signature="loginPage()[pri:0, instance:testNgTestCases.ParametersTest5@1d8d30f7]" name="loginPage" duration-ms="2" started-at="2018-12-27T13:43:48Z" finished-at="2018-12-27T13:43:48Z">
          <reporter-output>
          </reporter-output>
        </test-method> <!-- loginPage -->
        <test-method status="PASS" signature="loginPage()[pri:0, instance:testNgTestCases.ParametersTest5@1d8d30f7]" name="loginPage" duration-ms="3" started-at="2018-12-27T13:43:48Z" finished-at="2018-12-27T13:43:48Z">
          <reporter-output>
          </reporter-output>
        </test-method> <!-- loginPage -->
        <test-method status="PASS" signature="loginPage()[pri:0, instance:testNgTestCases.ParametersTest5@1d8d30f7]" name="loginPage" duration-ms="2" started-at="2018-12-27T13:43:48Z" finished-at="2018-12-27T13:43:48Z">
          <reporter-output>
          </reporter-output>
        </test-method> <!-- loginPage -->
        <test-method status="PASS" signature="loginPage()[pri:0, instance:testNgTestCases.ParametersTest5@1d8d30f7]" name="loginPage" duration-ms="2" started-at="2018-12-27T13:43:48Z" finished-at="2018-12-27T13:43:48Z">
          <reporter-output>
          </reporter-output>
        </test-method> <!-- loginPage -->
        <test-method status="PASS" signature="loginPage()[pri:0, instance:testNgTestCases.ParametersTest5@1d8d30f7]" name="loginPage" duration-ms="2" started-at="2018-12-27T13:43:48Z" finished-at="2018-12-27T13:43:48Z">
          <reporter-output>
          </reporter-output>
        </test-method> <!-- loginPage -->
        <test-method status="PASS" signature="loginPage()[pri:0, instance:testNgTestCases.ParametersTest5@1d8d30f7]" name="loginPage" duration-ms="1" started-at="2018-12-27T13:43:48Z" finished-at="2018-12-27T13:43:48Z">
          <reporter-output>
          </reporter-output>
        </test-method> <!-- loginPage -->
      </class> <!-- testNgTestCases.ParametersTest5 -->
    </test> <!-- Default test -->
  </suite> <!-- Default suite -->
</testng-results>
