<?xml version="1.0" encoding="UTF-8"?>
<!-- Generated by org.testng.reporters.JUnitXMLReporter -->
<testsuite hostname="DELL" ignored="1" name="Default test(failed)" tests="2" failures="1" timestamp="27 Dec 2018 13:35:07 GMT" time="0.067" errors="0">
  <testcase name="loginPage" time="0.027" classname="testNgTestCases.ParametersTest4">
    <failure type="java.lang.ArithmeticException" message="/ by zero">
      <![CDATA[java.lang.ArithmeticException: / by zero
at testNgTestCases.ParametersTest4.loginPage(ParametersTest4.java:13)
... Removed 25 stack frames]]>
    </failure>
  </testcase> <!-- loginPage -->
  <testcase name="homePage" time="0.0" classname="testNgTestCases.ParametersTest4">
    <skipped/>
  </testcase> <!-- homePage -->
  <testcase name="payment" time="0.0" classname="testNgTestCases.ParametersTest4">
    <ignored/>
  </testcase> <!-- payment -->
</testsuite> <!-- Default test(failed) -->
